2025-08-25 06:20:31,293 - INFO - Initialized collector for 2021-01-01 to 2024-08-25
2025-08-25 06:20:31,293 - INFO - ================================================================================
2025-08-25 06:20:31,293 - INFO - HISTORICAL KATHMANDU AIR QUALITY DATA COLLECTION
2025-08-25 06:20:31,293 - INFO - Target period: 2021-01-01 to 2024-08-25
2025-08-25 06:20:31,293 - INFO - Sources: ['open_data_nepal', 'openmeteo', 'aqicn']
2025-08-25 06:20:31,293 - INFO - ================================================================================
2025-08-25 06:20:31,293 - INFO - Downloading Open Data Nepal dataset...
2025-08-25 06:20:31,835 - WARNING - Open Data Nepal download failed: 404
2025-08-25 06:20:31,842 - INFO - Collecting Open-Meteo historical data (2021-01-01 to 2024-08-25)...
2025-08-25 06:20:35,326 - INFO - ✓ us_embassy_main 2021: 8760 records
2025-08-25 06:20:41,033 - INFO - ✓ us_embassy_main 2022: 8760 records
2025-08-25 06:20:45,341 - INFO - ✓ us_embassy_main 2023: 8760 records
2025-08-25 06:20:49,660 - INFO - ✓ us_embassy_main 2024: 5712 records
2025-08-25 06:20:50,707 - INFO - ✓ us_embassy_main total: 31992 records
2025-08-25 06:20:53,606 - INFO - ✓ us_embassy_phora 2021: 8760 records
2025-08-25 06:20:57,795 - INFO - ✓ us_embassy_phora 2022: 8760 records
2025-08-25 06:21:06,954 - INFO - ✓ us_embassy_phora 2023: 8760 records
2025-08-25 06:21:10,981 - INFO - ✓ us_embassy_phora 2024: 5712 records
2025-08-25 06:21:12,025 - INFO - ✓ us_embassy_phora total: 31992 records
2025-08-25 06:21:17,821 - INFO - ✓ icimod_khumaltar 2021: 8760 records
2025-08-25 06:21:22,993 - INFO - ✓ icimod_khumaltar 2022: 8760 records
2025-08-25 06:21:34,281 - INFO - ✓ icimod_khumaltar 2023: 8760 records
2025-08-25 06:21:39,330 - INFO - ✓ icimod_khumaltar 2024: 5712 records
2025-08-25 06:21:40,373 - INFO - ✓ icimod_khumaltar total: 31992 records
2025-08-25 06:21:40,376 - INFO - Open-Meteo total: 95976 records
2025-08-25 06:21:40,380 - INFO - Collecting AQICN historical data (2021-01-01 to 2024-08-25)...
2025-08-25 06:24:07,256 - INFO - ------------------------------------------------------------
2025-08-25 06:24:07,257 - INFO - COMBINING AND PROCESSING DATA
2025-08-25 06:24:07,347 - INFO - Starting quality control on 95976 records...
2025-08-25 06:24:07,369 - INFO - Quality control: Removed 41760 invalid records (43.5%)
2025-08-25 06:24:07,384 - INFO - ------------------------------------------------------------
2025-08-25 06:24:07,384 - INFO - FINAL DATASET SUMMARY
2025-08-25 06:24:07,384 - INFO - Total records: 54,216
2025-08-25 06:24:07,385 - INFO - Date range: 2022-08-04 00:00:00 to 2024-08-25 23:00:00
2025-08-25 06:24:07,387 - INFO - Unique stations: 3
2025-08-25 06:24:07,388 - INFO - Time span: 752 days
